librem ~ # su - -s /bin/sh bin -c "make -j3 -C /usr/src/linux-4.16.9-gentoo KBUILD_BUILD_VERSION=0 KBUILD_BUILD_TIMESTAMP=2018-06-02 KBUILD_BUILD_USER=liberte KBUILD_BUILD_HOST=dee.su O=/usr/src/linux-main bzImage"
make: Entering directory '/usr/src/linux-4.16.9-gentoo'
make[1]: Entering directory '/usr/src/linux-main'
  CHK     include/config/kernel.release
  GEN     ./Makefile
  CHK     include/generated/uapi/linux/version.h
  Using /usr/src/linux-4.16.9-gentoo as source for kernel
  CHK     include/generated/utsrelease.h
  CHK     scripts/mod/devicetable-offsets.h
  CHK     include/generated/bounds.h
  CHK     include/generated/timeconst.h
  CHK     include/generated/asm-offsets.h
  CALL    /usr/src/linux-4.16.9-gentoo/scripts/checksyscalls.sh
  CC      init/main.o
  HOSTCC  usr/gen_init_cpio
  AR      arch/x86/crypto/built-in.o
  AS      arch/x86/entry/entry_32.o
  AS      arch/x86/entry/thunk_32.o
  /usr/src/linux-4.16.9-gentoo/scripts/gen_initramfs_list.sh: Cannot open '/usr/local/addons/initrd/initrd-x86.cpio'
make[2]: *** [/usr/src/linux-4.16.9-gentoo/usr/Makefile:57: usr/initramfs_data.cpio.xz] Error 1
make[1]: *** [/usr/src/linux-4.16.9-gentoo/Makefile:1060: usr] Error 2
make[1]: *** Waiting for unfinished jobs....
  CHK     include/generated/compile.h
  UPD     include/generated/compile.h
  CC      arch/x86/entry/syscall_32.o
  CC      init/do_mounts.o
  CC      arch/x86/entry/common.o
  CC      arch/x86/entry/vdso/vma.o
  CC      arch/x86/entry/vdso/vdso32-setup.o
  CC      init/do_mounts_initrd.o
  LDS     arch/x86/entry/vdso/vdso32/vdso32.lds
  CC      arch/x86/entry/vdso/vdso32/vclock_gettime.o
  AS      arch/x86/entry/vdso/vdso32/note.o
  AS      arch/x86/entry/vdso/vdso32/system_call.o
  CC      init/initramfs.o
  AS      arch/x86/entry/vdso/vdso32/sigreturn.o
  HOSTCC  arch/x86/entry/vdso/vdso2c
  CC      arch/x86/entry/vsyscall/vsyscall_gtod.o
  AR      arch/x86/entry/vsyscall/built-in.o
  VDSO    arch/x86/entry/vdso/vdso32.so.dbg
  CC      init/calibrate.o
  OBJCOPY arch/x86/entry/vdso/vdso32.so
  VDSO2C  arch/x86/entry/vdso/vdso-image-32.c
  CC      arch/x86/entry/vdso/vdso-image-32.o
  CC      arch/x86/events/core.o
  AR      arch/x86/entry/vdso/built-in.o
  AR      arch/x86/entry/built-in.o
  CC      init/init_task.o
  CC      arch/x86/hyperv/hv_init.o
  CC      init/version.o
  CC      arch/x86/hyperv/mmu.o
  AR      init/mounts.o
  AR      init/built-in.o
  CC      arch/x86/events/amd/core.o
  AR      arch/x86/hyperv/built-in.o
  CC      arch/x86/events/amd/uncore.o
  CC      arch/x86/events/amd/ibs.o
  CC      arch/x86/kernel/process_32.o
  CC      arch/x86/kernel/signal.o
  AR      arch/x86/events/amd/built-in.o
  CC      arch/x86/events/intel/core.o
  CC      arch/x86/events/intel/bts.o
  CC      arch/x86/kernel/traps.o
  CC      arch/x86/kernel/idt.o
  CC      arch/x86/events/intel/ds.o
  CC      arch/x86/kernel/irq.o
  CC      arch/x86/kernel/irq_32.o
  CC      arch/x86/events/intel/knc.o
  CC      arch/x86/events/intel/lbr.o
  CC      arch/x86/kernel/dumpstack_32.o
  CC      arch/x86/kernel/time.o
  CC      arch/x86/kernel/ioport.o
  CC      arch/x86/events/intel/p4.o
  CC      arch/x86/kernel/dumpstack.o
  CC      arch/x86/events/intel/p6.o
  CC      arch/x86/events/intel/pt.o
  CC      arch/x86/kernel/nmi.o
  CC      arch/x86/events/msr.o
  CC      arch/x86/events/intel/rapl.o
  CC      arch/x86/kernel/ldt.o
  CC      arch/x86/kernel/setup.o
  CC      arch/x86/events/intel/uncore.o
  CC      arch/x86/events/intel/uncore_nhmex.o
  CC      arch/x86/events/intel/uncore_snb.o
  CC      arch/x86/kernel/x86_init.o
  CC      arch/x86/kernel/i8259.o
  CC      arch/x86/events/intel/uncore_snbep.o
  CC      arch/x86/events/intel/cstate.o
  CC      arch/x86/kernel/irqinit.o
  CC      arch/x86/kernel/jump_label.o
  CC      arch/x86/kernel/irq_work.o
  AR      arch/x86/events/intel/intel-rapl-perf.o
  CC      arch/x86/kernel/probe_roms.o
  AR      arch/x86/events/intel/intel-cstate.o
  CC      arch/x86/kernel/ksysfs.o
  AR      arch/x86/events/intel/intel-uncore.o
  AR      arch/x86/events/intel/built-in.o
  AR      arch/x86/events/built-in.o
  CC      arch/x86/kernel/bootflag.o
  CC      arch/x86/mm/init.o
  CC      arch/x86/mm/init_32.o
  CC      arch/x86/kernel/e820.o
  CC      arch/x86/kernel/pci-dma.o
  CC      arch/x86/mm/fault.o
  CC      arch/x86/kernel/quirks.o
  CC      arch/x86/mm/ioremap.o
  CC      arch/x86/mm/extable.o
  CC      arch/x86/kernel/topology.o
  CC      arch/x86/mm/pageattr.o
  CC      arch/x86/kernel/kdebugfs.o
  CC      arch/x86/kernel/alternative.o
  CC      arch/x86/mm/mmap.o
  CC      arch/x86/mm/pat.o
  CC      arch/x86/kernel/i8253.o
  CC      arch/x86/kernel/pci-nommu.o
  CC      arch/x86/mm/pgtable.o
  CC      arch/x86/kernel/hw_breakpoint.o
  CC      arch/x86/kernel/tsc.o
  CC      arch/x86/mm/physaddr.o
  CC      arch/x86/mm/setup_nx.o
  CC      arch/x86/mm/tlb.o
  CC      arch/x86/mm/cpu_entry_area.o
  CC      arch/x86/kernel/tsc_msr.o
  CC      arch/x86/kernel/io_delay.o
  CC      arch/x86/kernel/rtc.o
  CC      arch/x86/mm/pat_rbtree.o
  CC      arch/x86/mm/pgtable_32.o
  CC      arch/x86/kernel/pci-iommu_table.o
  CC      arch/x86/mm/iomap_32.o
  CC      arch/x86/kernel/resource.o
  CC      arch/x86/kernel/process.o
  CC      arch/x86/mm/highmem_32.o
  CC      arch/x86/kernel/acpi/boot.o
  CC      arch/x86/mm/numa.o
  CC      arch/x86/mm/numa_32.o
  CC      arch/x86/mm/srat.o
  CC      arch/x86/kernel/acpi/sleep.o
  AS      arch/x86/kernel/acpi/wakeup_32.o
  CC      arch/x86/kernel/apic/apic.o
  AR      arch/x86/mm/built-in.o
  CC      arch/x86/kernel/apic/apic_common.o
  CC      arch/x86/kernel/acpi/apei.o
  CC      arch/x86/kernel/cpu/intel_cacheinfo.o
  CC      arch/x86/kernel/acpi/cstate.o
  CC      arch/x86/kernel/cpu/scattered.o
  CC      arch/x86/kernel/cpu/topology.o
  CC      arch/x86/kernel/cpu/common.o
  AR      arch/x86/kernel/acpi/built-in.o
  CC      arch/x86/kernel/apic/apic_noop.o
  CC      arch/x86/kernel/apic/ipi.o
  CC      arch/x86/kernel/fpu/init.o
  CC      arch/x86/kernel/apic/vector.o
  CC      arch/x86/kernel/fpu/bugs.o
  CC      arch/x86/kernel/fpu/core.o
  CC      arch/x86/kernel/cpu/rdrand.o
  CC      arch/x86/kernel/cpu/match.o
  CC      arch/x86/kernel/apic/hw_nmi.o
  CC      arch/x86/kernel/cpu/bugs.o
  CC      arch/x86/kernel/fpu/regset.o
  CC      arch/x86/kernel/apic/io_apic.o
  CC      arch/x86/kernel/cpu/aperfmperf.o
  CC      arch/x86/kernel/cpu/cpuid-deps.o
  CC      arch/x86/kernel/fpu/signal.o
  CC      arch/x86/kernel/cpu/proc.o
  CC      arch/x86/kernel/fpu/xstate.o
  MKCAP   arch/x86/kernel/cpu/capflags.c
  AR      arch/x86/kernel/fpu/built-in.o
  CC      arch/x86/kernel/apic/msi.o
  CC      arch/x86/kernel/apic/bigsmp_32.o
  AR      arch/x86/kernel/kprobes/built-in.o
  CC      arch/x86/kernel/apic/probe_32.o
  CC      arch/x86/kernel/ptrace.o
  AR      arch/x86/kernel/apic/built-in.o
  AR      arch/x86/net/built-in.o
  CC      arch/x86/kernel/tls.o
  AR      arch/x86/platform/atom/built-in.o
  AR      arch/x86/platform/ce4100/built-in.o
  CC      arch/x86/platform/efi/quirks.o
  CC      arch/x86/platform/efi/efi.o
  CC      arch/x86/kernel/step.o
  CC      arch/x86/platform/efi/efi_32.o
  AS      arch/x86/platform/efi/efi_stub_32.o
  CC      arch/x86/realmode/init.o
  CC      arch/x86/platform/efi/early_printk.o
  CC      arch/x86/kernel/cpu/powerflags.o
  CC      arch/x86/kernel/cpu/intel.o
  AR      arch/x86/platform/efi/built-in.o
  AS      arch/x86/realmode/rm/header.o
  AR      arch/x86/platform/geode/built-in.o
  AR      arch/x86/platform/goldfish/built-in.o
  AS      arch/x86/realmode/rm/trampoline_32.o
  CC      arch/x86/platform/intel/iosf_mbi.o
  AS      arch/x86/realmode/rm/stack.o
  AS      arch/x86/realmode/rm/reboot.o
  AS      arch/x86/realmode/rm/wakeup_asm.o
  CC      arch/x86/realmode/rm/wakemain.o
  CC      arch/x86/realmode/rm/video-mode.o
  AS      arch/x86/realmode/rm/copy.o
  AS      arch/x86/realmode/rm/bioscall.o
  CC      arch/x86/realmode/rm/regs.o
  CC      arch/x86/realmode/rm/video-vga.o
  CC      arch/x86/realmode/rm/video-vesa.o
  CC      arch/x86/kernel/cpu/amd.o
  CC      arch/x86/realmode/rm/video-bios.o
  PASYMS  arch/x86/realmode/rm/pasyms.h
  LDS     arch/x86/realmode/rm/realmode.lds
  LD      arch/x86/realmode/rm/realmode.elf
  RELOCS  arch/x86/realmode/rm/realmode.relocs
  OBJCOPY arch/x86/realmode/rm/realmode.bin
  AS      arch/x86/realmode/rmpiggy.o
  AR      arch/x86/realmode/built-in.o
  CC      arch/x86/kernel/cpu/cyrix.o
  AR      arch/x86/platform/intel/built-in.o
  AR      arch/x86/platform/intel-mid/built-in.o
  AR      arch/x86/platform/intel-quark/built-in.o
  AR      arch/x86/platform/iris/built-in.o
  AR      arch/x86/platform/olpc/built-in.o
  AR      arch/x86/platform/scx200/built-in.o
  CC      arch/x86/platform/sfi/sfi.o
  AR      arch/x86/platform/sfi/built-in.o
  AR      arch/x86/platform/ts5500/built-in.o
  CC      arch/x86/kernel/cpu/centaur.o
  AR      arch/x86/platform/uv/built-in.o
  AR      arch/x86/platform/built-in.o
  CC      arch/x86/kernel/cpu/transmeta.o
  CC      arch/x86/kernel/tboot.o
  CC      arch/x86/kernel/i8237.o
  CC      arch/x86/kernel/cpu/umc.o
  CC      arch/x86/kernel/reboot.o
  CC      arch/x86/kernel/cpu/mcheck/mce.o
  CC      arch/x86/kernel/cpu/microcode/core.o
  CC      arch/x86/kernel/early-quirks.o
  CC      arch/x86/kernel/cpu/mcheck/mce-severity.o
  CC      arch/x86/kernel/cpu/microcode/intel.o
  CC      arch/x86/kernel/cpu/mcheck/mce-genpool.o
  CC      arch/x86/kernel/cpu/mcheck/mce_intel.o
  CC      arch/x86/kernel/cpu/microcode/amd.o
  CC      arch/x86/kernel/cpu/mcheck/mce_amd.o
  CC      arch/x86/kernel/smp.o
  AR      arch/x86/kernel/cpu/microcode/microcode.o
  AR      arch/x86/kernel/cpu/microcode/built-in.o
  CC      arch/x86/kernel/cpu/mtrr/main.o
  CC      arch/x86/kernel/cpu/mtrr/if.o
  CC      arch/x86/kernel/cpu/mtrr/generic.o
  CC      arch/x86/kernel/cpu/mcheck/threshold.o
  CC      arch/x86/kernel/cpu/mcheck/therm_throt.o
  CC      arch/x86/kernel/cpu/mcheck/mce-apei.o
  CC      arch/x86/kernel/cpu/mtrr/cleanup.o
  CC      arch/x86/kernel/smpboot.o
  AR      arch/x86/kernel/cpu/mcheck/built-in.o
  CC      arch/x86/kernel/tsc_sync.o
  CC      arch/x86/kernel/cpu/perfctr-watchdog.o
  CC      arch/x86/kernel/cpu/mtrr/amd.o
  CC      arch/x86/kernel/cpu/mtrr/cyrix.o
  CC      arch/x86/kernel/cpu/mtrr/centaur.o
  CC      arch/x86/kernel/cpu/vmware.o
  AR      arch/x86/kernel/cpu/mtrr/built-in.o
  CC      arch/x86/kernel/setup_percpu.o
  CC      arch/x86/kernel/cpu/hypervisor.o
  CC      arch/x86/kernel/mpparse.o
  CC      arch/x86/kernel/cpu/mshyperv.o
  CC      arch/x86/kernel/trace_clock.o
  CC      arch/x86/kernel/machine_kexec_32.o
  CC      arch/x86/kernel/cpu/capflags.o
  AR      arch/x86/kernel/cpu/built-in.o
  AS      arch/x86/kernel/relocate_kernel_32.o
  CC      arch/x86/kernel/crash.o
  CC      arch/x86/kernel/module.o
  CC      arch/x86/kernel/doublefault.o
  CC      arch/x86/kernel/early_printk.o
  CC      arch/x86/kernel/hpet.o
  CC      arch/x86/kernel/amd_nb.o
  CC      arch/x86/kernel/kvm.o
  CC      arch/x86/kernel/kvmclock.o
  CC      arch/x86/kernel/paravirt.o
  CC      arch/x86/kernel/paravirt_patch_32.o
  CC      arch/x86/kernel/pvclock.o
  CC      arch/x86/kernel/pci-swiotlb.o
  CC      arch/x86/kernel/sysfb.o
  CC      arch/x86/kernel/sysfb_simplefb.o
  CC      arch/x86/kernel/sysfb_efi.o
  CC      arch/x86/kernel/perf_regs.o
  CC      arch/x86/kernel/itmt.o
  CC      arch/x86/kernel/umip.o
  CC      arch/x86/kernel/unwind_frame.o
  AS      arch/x86/kernel/head_32.o
  CC      arch/x86/kernel/head32.o
  CC      arch/x86/kernel/ebda.o
  CC      arch/x86/kernel/platform-quirks.o
  LDS     arch/x86/kernel/vmlinux.lds
  AR      arch/x86/kernel/built-in.o
  AR      arch/x86/built-in.o
make[1]: Leaving directory '/usr/src/linux-main'
make: *** [Makefile:146: sub-make] Error 2
make: Leaving directory '/usr/src/linux-4.16.9-gentoo'
librem ~ # cd /usr/src/linux-main
librem /usr/src/linux-main # 

